# JRE version: Java(TM) SE Runtime Environment (9.0+11) (build 9.0.4+11)
# Java VM: Java HotSpot(TM) 64-Bit Server VM (9.0.4+11, mixed mode, tiered, compressed oops, g1 gc, windows-amd64)
Heap:
 garbage-first heap   total 342016K, used 132947K [0x0000000700000000, 0x0000000700100a70, 0x00000007c0000000)
  region size 1024K, 7 young (7168K), 1 survivors (1024K)
 Metaspace       used 92728K, capacity 96243K, committed 100348K, reserved 1136640K
  class space    used 12525K, capacity 13212K, committed 14076K, reserved 1048576K
GC Heap History (10 events):
Event: 6533.618 GC heap before
{Heap before GC invocations=805 (full 97):
 garbage-first heap   total 342016K, used 137005K [0x0000000700000000, 0x0000000700100a70, 0x00000007c0000000)
  region size 1024K, 11 young (11264K), 1 survivors (1024K)
 Metaspace       used 92724K, capacity 96243K, committed 100348K, reserved 1136640K
  class space    used 12525K, capacity 13212K, committed 14076K, reserved 1048576K
}
Event: 6533.620 GC heap after
{Heap after GC invocations=806 (full 97):
 garbage-first heap   total 342016K, used 127782K [0x0000000700000000, 0x0000000700100a70, 0x00000007c0000000)
  region size 1024K, 1 young (1024K), 1 survivors (1024K)
 Metaspace       used 92724K, capacity 96243K, committed 100348K, reserved 1136640K
  class space    used 12525K, capacity 13212K, committed 14076K, reserved 1048576K
}
Event: 6536.751 GC heap before
{Heap before GC invocations=806 (full 97):
 garbage-first heap   total 342016K, used 135974K [0x0000000700000000, 0x0000000700100a70, 0x00000007c0000000)
  region size 1024K, 10 young (10240K), 1 survivors (1024K)
 Metaspace       used 92724K, capacity 96243K, committed 100348K, reserved 1136640K
  class space    used 12525K, capacity 13212K, committed 14076K, reserved 1048576K
}
Event: 6536.753 GC heap after
{Heap after GC invocations=807 (full 97):
 garbage-first heap   total 342016K, used 127794K [0x0000000700000000, 0x0000000700100a70, 0x00000007c0000000)
  region size 1024K, 1 young (1024K), 1 survivors (1024K)
 Metaspace       used 92724K, capacity 96243K, committed 100348K, reserved 1136640K
  class space    used 12525K, capacity 13212K, committed 14076K, reserved 1048576K
}
Event: 6539.870 GC heap before
{Heap before GC invocations=807 (full 97):
 garbage-first heap   total 342016K, used 134962K [0x0000000700000000, 0x0000000700100a70, 0x00000007c0000000)
  region size 1024K, 9 young (9216K), 1 survivors (1024K)
 Metaspace       used 92724K, capacity 96243K, committed 100348K, reserved 1136640K
  class space    used 12525K, capacity 13212K, committed 14076K, reserved 1048576K
}
Event: 6540.084 GC heap after
{Heap after GC invocations=808 (full 98):
 garbage-first heap   total 342016K, used 114290K [0x0000000700000000, 0x0000000700100a70, 0x00000007c0000000)
  region size 1024K, 0 young (0K), 0 survivors (0K)
 Metaspace       used 92724K, capacity 96243K, committed 100348K, reserved 1136640K
  class space    used 12525K, capacity 13212K, committed 14076K, reserved 1048576K
}
Event: 6543.000 GC heap before
{Heap before GC invocations=808 (full 98):
 garbage-first heap   total 342016K, used 135794K [0x0000000700000000, 0x0000000700100a70, 0x00000007c0000000)
  region size 1024K, 9 young (9216K), 0 survivors (0K)
 Metaspace       used 92728K, capacity 96243K, committed 100348K, reserved 1136640K
  class space    used 12525K, capacity 13212K, committed 14076K, reserved 1048576K
}
Event: 6543.003 GC heap after
{Heap after GC invocations=809 (full 98):
 garbage-first heap   total 342016K, used 127840K [0x0000000700000000, 0x0000000700100a70, 0x00000007c0000000)
  region size 1024K, 1 young (1024K), 1 survivors (1024K)
 Metaspace       used 92728K, capacity 96243K, committed 100348K, reserved 1136640K
  class space    used 12525K, capacity 13212K, committed 14076K, reserved 1048576K
}
Event: 6546.132 GC heap before
{Heap before GC invocations=809 (full 98):
 garbage-first heap   total 342016K, used 138080K [0x0000000700000000, 0x0000000700100a70, 0x00000007c0000000)
  region size 1024K, 12 young (12288K), 1 survivors (1024K)
 Metaspace       used 92728K, capacity 96243K, committed 100348K, reserved 1136640K
  class space    used 12525K, capacity 13212K, committed 14076K, reserved 1048576K
}
Event: 6546.135 GC heap after
{Heap after GC invocations=810 (full 98):
 garbage-first heap   total 342016K, used 127827K [0x0000000700000000, 0x0000000700100a70, 0x00000007c0000000)
  region size 1024K, 1 young (1024K), 1 survivors (1024K)
 Metaspace       used 92728K, capacity 96243K, committed 100348K, reserved 1136640K
  class space    used 12525K, capacity 13212K, committed 14076K, reserved 1048576K
}

